2025-09-10 14:38:59.833 | INFO     | utils_logger:<module>:41 - Logging to file: logs/project_log.log
2025-09-10 14:38:59.833 | INFO     | __main__:main:97 - Starting CSV fetch demonstration...
2025-09-10 14:38:59.833 | INFO     | __main__:fetch_csv_file:56 - Fetching CSV data from https://raw.githubusercontent.com/MainakRepositor/Datasets/master/World%20Happiness%20Data/2020.csv...
2025-09-10 14:39:00.147 | INFO     | __main__:write_csv_file:80 - Writing CSV data to data/2020_happiness.csv...
2025-09-10 14:39:00.148 | INFO     | __main__:write_csv_file:84 - SUCCESS: CSV data written to data/2020_happiness.csv
2025-09-10 14:39:00.148 | INFO     | __main__:fetch_csv_file:60 - SUCCESS: CSV file fetched and saved as 2020_happiness.csv
2025-09-10 14:44:38.879 | INFO     | utils_logger:<module>:41 - Logging to file: logs/project_log.log
2025-09-10 14:44:38.879 | INFO     | __main__:main:97 - Starting CSV fetch demonstration...
2025-09-10 14:44:38.879 | INFO     | __main__:fetch_csv_file:56 - Fetching CSV data from https://data-lakecountyil.opendata.arcgis.com/api/download/v1/items/3e0c1eb04e5c48b3be9040b0589d3ccf/csv?layers=8...
2025-09-10 14:44:45.048 | INFO     | __main__:write_csv_file:80 - Writing CSV data to data/lake_county.csv...
2025-09-10 14:44:45.048 | INFO     | __main__:write_csv_file:84 - SUCCESS: CSV data written to data/lake_county.csv
2025-09-10 14:44:45.048 | INFO     | __main__:fetch_csv_file:60 - SUCCESS: CSV file fetched and saved as lake_county.csv
2025-09-10 15:04:38.693 | INFO     | utils_logger:<module>:41 - Logging to file: logs/project_log.log
2025-09-10 15:04:38.693 | INFO     | __main__:main:97 - Starting Excel fetch demonstration...
2025-09-10 15:04:38.693 | INFO     | __main__:fetch_excel_file:56 - Fetching Excel data from https://ers.usda.gov/sites/default/files/_laserfiche/DataFiles/50472/eggs.xlsx?v=10171...
2025-09-10 15:04:39.275 | INFO     | __main__:write_excel_file:80 - Writing Excel data to data/eggs.xlsx...
2025-09-10 15:04:39.275 | INFO     | __main__:write_excel_file:84 - SUCCESS: Excel data written to data/eggs.xlsx
2025-09-10 15:04:39.275 | INFO     | __main__:fetch_excel_file:60 - SUCCESS: Excel file fetched and saved as eggs.xlsx
2025-09-10 22:11:25.383 | INFO     | utils_logger:<module>:41 - Logging to file: logs/project_log.log
2025-09-10 22:11:25.384 | INFO     | __main__:main:95 - Starting JSON fetch demonstration...
2025-09-10 22:11:25.384 | INFO     | __main__:fetch_json_file:54 - Fetching JSON data from https://github.com/alexnoob/BasketBall-GM-Rosters/releases/download/2026.0.4/2025-26.NBA.Roster.json...
2025-09-10 22:11:26.145 | ERROR    | __main__:fetch_json_file:62 - Request error occurred: Illegal trailing comma before end of object: line 5955 column 308 (char 2298210)
2025-09-10 22:14:22.060 | INFO     | utils_logger:<module>:41 - Logging to file: logs/project_log.log
2025-09-10 22:14:22.060 | INFO     | __main__:main:95 - Starting JSON fetch demonstration...
2025-09-10 22:14:22.060 | INFO     | __main__:fetch_json_file:54 - Fetching JSON data from https://raw.githubusercontent.com/alexnoob/BasketBall-GM-Rosters/master/2024-25.NBA.Roster.json...
2025-09-10 22:14:22.263 | ERROR    | __main__:fetch_json_file:62 - Request error occurred: Illegal trailing comma before end of object: line 5673 column 308 (char 2104808)
